[dotenv@17.3.1] injecting env (5) from .env -- tip: ­ƒñû agentic secret storage: https://dotenvx.com/as2
Servidor corriendo en el puerto 5000
MongoDB Conectado: ac-kpvgpzw-shard-00-00.xtvvlbf.mongodb.net
Token decodificado: { id: '699ba15e2ded1b2b2d35b4e5', iat: 1771818557, exp: 1774410557 }
Usuario autenticado: Administrador Principal Rol: admin
Token decodificado: { id: '699ba15e2ded1b2b2d35b4e5', iat: 1771818557, exp: 1774410557 }
Usuario autenticado: Administrador Principal Rol: admin
Token decodificado: { id: '699ba15e2ded1b2b2d35b4e5', iat: 1771818557, exp: 1774410557 }
Token decodificado: { id: '699ba15e2ded1b2b2d35b4e5', iat: 1771818557, exp: 1774410557 }
Usuario autenticado: Administrador Principal Rol: admin
Usuario autenticado: Administrador Principal Rol: admin
Token decodificado: { id: '699ba15e2ded1b2b2d35b4e5', iat: 1771818557, exp: 1774410557 }
Token decodificado: { id: '699ba15e2ded1b2b2d35b4e5', iat: 1771818557, exp: 1774410557 }
Usuario autenticado: Administrador Principal Rol: admin
Usuario autenticado: Administrador Principal Rol: admin
Token decodificado: { id: '699ba15e2ded1b2b2d35b4e5', iat: 1771818557, exp: 1774410557 }
Token decodificado: { id: '699ba15e2ded1b2b2d35b4e5', iat: 1771818557, exp: 1774410557 }
Usuario autenticado: Administrador Principal Rol: admin
REQ BODY en deleteMultipleTickets: { ids: [ '699bcf4228e278b5beef718a', '699bcf4828e278b5beef7190' ] }
Solicitud de borrado masivo para IDs: [ '699bcf4228e278b5beef718a', '699bcf4828e278b5beef7190' ]
Usuario autenticado: Administrador Principal Rol: admin
Token decodificado: { id: '699ba15e2ded1b2b2d35b4e5', iat: 1771818557, exp: 1774410557 }
Usuario autenticado: Administrador Principal Rol: admin
Token decodificado: { id: '699ba15e2ded1b2b2d35b4e5', iat: 1771818557, exp: 1774410557 }
Usuario autenticado: Administrador Principal Rol: admin
Token decodificado: { id: '699ba15e2ded1b2b2d35b4e5', iat: 1771818557, exp: 1774410557 }
Usuario autenticado: Administrador Principal Rol: admin
Token decodificado: { id: '699ba15e2ded1b2b2d35b4e5', iat: 1771818557, exp: 1774410557 }
Usuario autenticado: Administrador Principal Rol: admin
Token decodificado: { id: '699ba15e2ded1b2b2d35b4e5', iat: 1771818557, exp: 1774410557 }
Usuario autenticado: Administrador Principal Rol: admin
Token decodificado: { id: '699ba15e2ded1b2b2d35b4e5', iat: 1771818557, exp: 1774410557 }
Usuario autenticado: Administrador Principal Rol: admin
Token decodificado: { id: '699ba15e2ded1b2b2d35b4e5', iat: 1771818557, exp: 1774410557 }
Usuario autenticado: Administrador Principal Rol: admin
Token decodificado: { id: '699ba15e2ded1b2b2d35b4e5', iat: 1771818557, exp: 1774410557 }
Usuario autenticado: Administrador Principal Rol: admin
Token decodificado: { id: '699ba15e2ded1b2b2d35b4e5', iat: 1771818557, exp: 1774410557 }
Usuario autenticado: Administrador Principal Rol: admin
Token decodificado: { id: '699ba15e2ded1b2b2d35b4e5', iat: 1771818557, exp: 1774410557 }
Usuario autenticado: Administrador Principal Rol: admin
Token decodificado: { id: '699ba15e2ded1b2b2d35b4e5', iat: 1771818557, exp: 1774410557 }
Usuario autenticado: Administrador Principal Rol: admin
Token decodificado: { id: '699ba15e2ded1b2b2d35b4e5', iat: 1771818557, exp: 1774410557 }
Usuario autenticado: Administrador Principal Rol: admin
Token decodificado: { id: '699ba15e2ded1b2b2d35b4e5', iat: 1771818557, exp: 1774410557 }
Usuario autenticado: Administrador Principal Rol: admin
Token decodificado: { id: '699ba15e2ded1b2b2d35b4e5', iat: 1771818557, exp: 1774410557 }
Usuario autenticado: Administrador Principal Rol: admin
Token decodificado: { id: '699ba15e2ded1b2b2d35b4e5', iat: 1771818557, exp: 1774410557 }
Usuario autenticado: Administrador Principal Rol: admin
Token decodificado: { id: '699ba15e2ded1b2b2d35b4e5', iat: 1771818557, exp: 1774410557 }
Usuario autenticado: Administrador Principal Rol: admin
Token decodificado: { id: '699ba15e2ded1b2b2d35b4e5', iat: 1771818557, exp: 1774410557 }
Usuario autenticado: Administrador Principal Rol: admin
Token decodificado: { id: '699ba15e2ded1b2b2d35b4e5', iat: 1771818557, exp: 1774410557 }
Usuario autenticado: Administrador Principal Rol: admin
Token decodificado: { id: '699ba15e2ded1b2b2d35b4e5', iat: 1771818557, exp: 1774410557 }
Usuario autenticado: Administrador Principal Rol: admin
Token decodificado: { id: '699ba15e2ded1b2b2d35b4e5', iat: 1771818557, exp: 1774410557 }
Usuario autenticado: Administrador Principal Rol: admin
Token decodificado: { id: '699ba15e2ded1b2b2d35b4e5', iat: 1771818557, exp: 1774410557 }
Usuario autenticado: Administrador Principal Rol: admin
Token decodificado: { id: '699ba15e2ded1b2b2d35b4e5', iat: 1771818557, exp: 1774410557 }
Usuario autenticado: Administrador Principal Rol: admin
Token decodificado: { id: '699ba15e2ded1b2b2d35b4e5', iat: 1771818557, exp: 1774410557 }
Usuario autenticado: Administrador Principal Rol: admin
Token decodificado: { id: '699ba15e2ded1b2b2d35b4e5', iat: 1771818557, exp: 1774410557 }
Usuario autenticado: Administrador Principal Rol: admin
Token decodificado: { id: '699ba15e2ded1b2b2d35b4e5', iat: 1771818557, exp: 1774410557 }
Usuario autenticado: Administrador Principal Rol: admin
Token decodificado: { id: '699ba15e2ded1b2b2d35b4e5', iat: 1771818557, exp: 1774410557 }
Usuario autenticado: Administrador Principal Rol: admin
Token decodificado: { id: '699ba15e2ded1b2b2d35b4e5', iat: 1771818557, exp: 1774410557 }
Usuario autenticado: Administrador Principal Rol: admin
Token decodificado: { id: '699ba15e2ded1b2b2d35b4e5', iat: 1771818557, exp: 1774410557 }
Usuario autenticado: Administrador Principal Rol: admin
Token decodificado: { id: '699ba15e2ded1b2b2d35b4e5', iat: 1771818557, exp: 1774410557 }
Token decodificado: { id: '699ba15e2ded1b2b2d35b4e5', iat: 1771818557, exp: 1774410557 }
Usuario autenticado: Administrador Principal Rol: admin
Usuario autenticado: Administrador Principal Rol: admin
Token decodificado: { id: '699ba15e2ded1b2b2d35b4e5', iat: 1771818557, exp: 1774410557 }
Token decodificado: { id: '699ba15e2ded1b2b2d35b4e5', iat: 1771818557, exp: 1774410557 }
Usuario autenticado: Administrador Principal Rol: admin
Usuario autenticado: Administrador Principal Rol: admin
Token decodificado: { id: '699ba15e2ded1b2b2d35b4e5', iat: 1771818557, exp: 1774410557 }
Usuario autenticado: Administrador Principal Rol: admin
Token decodificado: { id: '699ba15e2ded1b2b2d35b4e5', iat: 1771818557, exp: 1774410557 }
Usuario autenticado: Administrador Principal Rol: admin
Token decodificado: { id: '699ba15e2ded1b2b2d35b4e5', iat: 1771818557, exp: 1774410557 }
Usuario autenticado: Administrador Principal Rol: admin
Token decodificado: { id: '699ba15e2ded1b2b2d35b4e5', iat: 1771818557, exp: 1774410557 }
Usuario autenticado: Administrador Principal Rol: admin
Token decodificado: { id: '699ba15e2ded1b2b2d35b4e5', iat: 1771818557, exp: 1774410557 }
Usuario autenticado: Administrador Principal Rol: admin
Token decodificado: { id: '699ba15e2ded1b2b2d35b4e5', iat: 1771818557, exp: 1774410557 }
Usuario autenticado: Administrador Principal Rol: admin
Token decodificado: { id: '699ba15e2ded1b2b2d35b4e5', iat: 1771818557, exp: 1774410557 }
Usuario autenticado: Administrador Principal Rol: admin
Token decodificado: { id: '699ba15e2ded1b2b2d35b4e5', iat: 1771818557, exp: 1774410557 }
Usuario autenticado: Administrador Principal Rol: admin
Token decodificado: { id: '699ba15e2ded1b2b2d35b4e5', iat: 1771818557, exp: 1774410557 }
Usuario autenticado: Administrador Principal Rol: admin
Token decodificado: { id: '699ba15e2ded1b2b2d35b4e5', iat: 1771818557, exp: 1774410557 }
Usuario autenticado: Administrador Principal Rol: admin
Token decodificado: { id: '699ba15e2ded1b2b2d35b4e5', iat: 1771818557, exp: 1774410557 }
Usuario autenticado: Administrador Principal Rol: admin
Token decodificado: { id: '699ba15e2ded1b2b2d35b4e5', iat: 1771818557, exp: 1774410557 }
Usuario autenticado: Administrador Principal Rol: admin
Token decodificado: { id: '699ba15e2ded1b2b2d35b4e5', iat: 1771818557, exp: 1774410557 }
Usuario autenticado: Administrador Principal Rol: admin
Token decodificado: { id: '699ba15e2ded1b2b2d35b4e5', iat: 1771818557, exp: 1774410557 }
Usuario autenticado: Administrador Principal Rol: admin
Token decodificado: { id: '699ba15e2ded1b2b2d35b4e5', iat: 1771818557, exp: 1774410557 }
Usuario autenticado: Administrador Principal Rol: admin
Token decodificado: { id: '699ba15e2ded1b2b2d35b4e5', iat: 1771818557, exp: 1774410557 }
Usuario autenticado: Administrador Principal Rol: admin
Token decodificado: { id: '699ba15e2ded1b2b2d35b4e5', iat: 1771818557, exp: 1774410557 }
Usuario autenticado: Administrador Principal Rol: admin
Token decodificado: { id: '699ba15e2ded1b2b2d35b4e5', iat: 1771818557, exp: 1774410557 }
Usuario autenticado: Administrador Principal Rol: admin
Token decodificado: { id: '699ba15e2ded1b2b2d35b4e5', iat: 1771818557, exp: 1774410557 }
Usuario autenticado: Administrador Principal Rol: admin
Token decodificado: { id: '699ba15e2ded1b2b2d35b4e5', iat: 1771818557, exp: 1774410557 }
Usuario autenticado: Administrador Principal Rol: admin
Token decodificado: { id: '699ba15e2ded1b2b2d35b4e5', iat: 1771818557, exp: 1774410557 }
Usuario autenticado: Administrador Principal Rol: admin
